
Started Import Process
# System Details: 
Debug Mode 		: Disabled
Operating System 	: Linux
Software 		: Apache
MySQL version 		: 8.0.43
XML Reader 		: Yes
PHP Version 		: 8.2.29
PHP Max Input Vars 	: 3000
PHP Max Post Size 	: 256M
PHP Extension GD 	: Yes
PHP Max Execution Time 	: 120
Max Upload Size 	: 256 MB
Memory Limit 		: 256M
Timezone 		: 0

-----

Importing Started! - 18:29:29 UTC
---

WHY IMPORT PROCESS CAN FAIL? READ THIS - 
https://wpastra.com/docs/?p=1314&utm_source=demo-import-panel&utm_campaign=import-error&utm_medium=wp-dashboard

---
